<?xml version="1.0" encoding="UTF-8"?>
<!-- Generated by org.testng.reporters.JUnitXMLReporter -->
<testsuite ignored="0" hostname="NT0004" failures="2" tests="24" name="Test" time="171.203" errors="0" timestamp="2023-01-18T17:53:13 IST">
  <testcase classname="sunrise.qa.testcases.companypages.CabinsPageTest" name="Verify_Navigation_CompanyPage" time="4.971"/>
  <testcase classname="sunrise.qa.testcases.companypages.CabinsPageTest" name="Verify_Navigation_CompanyPage" time="4.478"/>
  <testcase classname="sunrise.qa.testcases.companypages.CabinsPageTest" name="Verify_MaximumTab_Message" time="5.634"/>
  <testcase classname="sunrise.qa.testcases.companypages.CabinsPageTest" name="Verify_alltabclosed" time="4.18"/>
  <testcase classname="sunrise.qa.testcases.companypages.CurrencyPageTest" name="Verify_Navigation_CompanyPage" time="4.92"/>
  <testcase classname="sunrise.qa.testcases.companypages.CurrencyPageTest" name="Verify_Navigation_CompanyPage" time="4.454"/>
  <testcase classname="sunrise.qa.testcases.companypages.CurrencyPageTest" name="Verify_MaximumTab_Message" time="5.493"/>
  <testcase classname="sunrise.qa.testcases.companypages.CurrencyPageTest" name="Verify_alltabclosed" time="4.123"/>
  <testcase classname="sunrise.qa.testcases.companypages.TermsAndConditionsPageTest" name="Verify_Navigation_CompanyPage" time="5.012"/>
  <testcase classname="sunrise.qa.testcases.companypages.TermsAndConditionsPageTest" name="Verify_Navigation_CompanyPage" time="4.492"/>
  <testcase classname="sunrise.qa.testcases.companypages.TermsAndConditionsPageTest" name="Verify_MaximumTab_Message" time="35.496">
    <failure type="org.openqa.selenium.NoSuchElementException" message="no such element: Unable to locate element: {&amp;quot;method&amp;quot;:&amp;quot;xpath&amp;quot;,&amp;quot;selector&amp;quot;:&amp;quot;//span[normalize-space()=&amp;apos;Maximum tabs reached.&amp;apos;]&amp;quot;}
  (Session info: chrome=109.0.5414.75)
For documentation on this error, please visit: https://selenium.dev/exceptions/#no_such_element
Build info: version: &amp;apos;4.6.0&amp;apos;, revision: &amp;apos;79f1c02ae20&amp;apos;
System info: os.name: &amp;apos;Windows 10&amp;apos;, os.arch: &amp;apos;amd64&amp;apos;, os.version: &amp;apos;10.0&amp;apos;, java.version: &amp;apos;17.0.5&amp;apos;
Driver info: org.openqa.selenium.chrome.ChromeDriver
Command: [649de1f32474cc85ca6dc2e2f6389765, findElement {using=xpath, value=//span[normalize-space()=&amp;apos;Maximum tabs reached.&amp;apos;]}]
Capabilities {acceptInsecureCerts: false, browserName: chrome, browserVersion: 109.0.5414.75, chrome: {chromedriverVersion: 109.0.5414.74 (e7c5703604da..., userDataDir: C:\Users\dell\AppData\Local...}, goog:chromeOptions: {debuggerAddress: localhost:62581}, networkConnectionEnabled: false, pageLoadStrategy: normal, platformName: WINDOWS, proxy: Proxy(), se:cdp: ws://localhost:62581/devtoo..., se:cdpVersion: 109.0.5414.75, setWindowRect: true, strictFileInteractability: false, timeouts: {implicit: 0, pageLoad: 300000, script: 30000}, unhandledPromptBehavior: dismiss and notify, webauthn:extension:credBlob: true, webauthn:extension:largeBlob: true, webauthn:virtualAuthenticators: true}
Session ID: 649de1f32474cc85ca6dc2e2f6389765">
      <![CDATA[org.openqa.selenium.NoSuchElementException: no such element: Unable to locate element: {"method":"xpath","selector":"//span[normalize-space()='Maximum tabs reached.']"}
  (Session info: chrome=109.0.5414.75)
For documentation on this error, please visit: https://selenium.dev/exceptions/#no_such_element
Build info: version: '4.6.0', revision: '79f1c02ae20'
System info: os.name: 'Windows 10', os.arch: 'amd64', os.version: '10.0', java.version: '17.0.5'
Driver info: org.openqa.selenium.chrome.ChromeDriver
Command: [649de1f32474cc85ca6dc2e2f6389765, findElement {using=xpath, value=//span[normalize-space()='Maximum tabs reached.']}]
Capabilities {acceptInsecureCerts: false, browserName: chrome, browserVersion: 109.0.5414.75, chrome: {chromedriverVersion: 109.0.5414.74 (e7c5703604da..., userDataDir: C:\Users\dell\AppData\Local...}, goog:chromeOptions: {debuggerAddress: localhost:62581}, networkConnectionEnabled: false, pageLoadStrategy: normal, platformName: WINDOWS, proxy: Proxy(), se:cdp: ws://localhost:62581/devtoo..., se:cdpVersion: 109.0.5414.75, setWindowRect: true, strictFileInteractability: false, timeouts: {implicit: 0, pageLoad: 300000, script: 30000}, unhandledPromptBehavior: dismiss and notify, webauthn:extension:credBlob: true, webauthn:extension:largeBlob: true, webauthn:virtualAuthenticators: true}
Session ID: 649de1f32474cc85ca6dc2e2f6389765
at org.openqa.selenium.remote.codec.w3c.W3CHttpResponseCodec.createException(W3CHttpResponseCodec.java:200)
at org.openqa.selenium.remote.codec.w3c.W3CHttpResponseCodec.decode(W3CHttpResponseCodec.java:133)
at org.openqa.selenium.remote.codec.w3c.W3CHttpResponseCodec.decode(W3CHttpResponseCodec.java:53)
at org.openqa.selenium.remote.HttpCommandExecutor.execute(HttpCommandExecutor.java:184)
at org.openqa.selenium.remote.service.DriverCommandExecutor.invokeExecute(DriverCommandExecutor.java:167)
at org.openqa.selenium.remote.service.DriverCommandExecutor.execute(DriverCommandExecutor.java:142)
at org.openqa.selenium.remote.RemoteWebDriver.execute(RemoteWebDriver.java:541)
at org.openqa.selenium.remote.ElementLocation$ElementFinder$2.findElement(ElementLocation.java:162)
at org.openqa.selenium.remote.ElementLocation.findElement(ElementLocation.java:60)
at org.openqa.selenium.remote.RemoteWebDriver.findElement(RemoteWebDriver.java:365)
at org.openqa.selenium.remote.RemoteWebDriver.findElement(RemoteWebDriver.java:357)
at org.openqa.selenium.support.pagefactory.DefaultElementLocator.findElement(DefaultElementLocator.java:70)
at org.openqa.selenium.support.pagefactory.internal.LocatingElementHandler.invoke(LocatingElementHandler.java:39)
at jdk.proxy2/jdk.proxy2.$Proxy17.isDisplayed(Unknown Source)
at sunrise.qa.companypages.TermsAndConditionsPage.max_msg_present(TermsAndConditionsPage.java:50)
at sunrise.qa.testcases.companypages.TermsAndConditionsPageTest.Verify_MaximumTab_Message(TermsAndConditionsPageTest.java:54)
at java.base/java.util.ArrayList.forEach(ArrayList.java:1511)
... Removed 32 stack frames]]>
    </failure>
  </testcase> <!-- Verify_MaximumTab_Message -->
  <testcase classname="sunrise.qa.testcases.companypages.TermsAndConditionsPageTest" name="Verify_alltabclosed" time="4.141"/>
  <testcase classname="sunrise.qa.testcases.companypages.BankPageTest" name="Verify_Navigation_CompanyPage" time="5.012"/>
  <testcase classname="sunrise.qa.testcases.companypages.BankPageTest" name="Verify_Navigation_CompanyPage" time="4.54"/>
  <testcase classname="sunrise.qa.testcases.companypages.BankPageTest" name="Verify_MaximumTab_Message" time="2.217">
    <failure type="org.openqa.selenium.ElementNotInteractableException" message="element not interactable: [object HTMLSpanElement] has no size and location
  (Session info: chrome=109.0.5414.75)
Build info: version: &amp;apos;4.6.0&amp;apos;, revision: &amp;apos;79f1c02ae20&amp;apos;
System info: os.name: &amp;apos;Windows 10&amp;apos;, os.arch: &amp;apos;amd64&amp;apos;, os.version: &amp;apos;10.0&amp;apos;, java.version: &amp;apos;17.0.5&amp;apos;
Driver info: org.openqa.selenium.chrome.ChromeDriver
Command: [fc01f1cb8356630c63d4c572f9e1ddf4, actions {actions=[org.openqa.selenium.interactions.Sequence@6a916402]}]
Capabilities {acceptInsecureCerts: false, browserName: chrome, browserVersion: 109.0.5414.75, chrome: {chromedriverVersion: 109.0.5414.74 (e7c5703604da..., userDataDir: C:\Users\dell\AppData\Local...}, goog:chromeOptions: {debuggerAddress: localhost:62652}, networkConnectionEnabled: false, pageLoadStrategy: normal, platformName: WINDOWS, proxy: Proxy(), se:cdp: ws://localhost:62652/devtoo..., se:cdpVersion: 109.0.5414.75, setWindowRect: true, strictFileInteractability: false, timeouts: {implicit: 0, pageLoad: 300000, script: 30000}, unhandledPromptBehavior: dismiss and notify, webauthn:extension:credBlob: true, webauthn:extension:largeBlob: true, webauthn:virtualAuthenticators: true}
Session ID: fc01f1cb8356630c63d4c572f9e1ddf4">
      <![CDATA[org.openqa.selenium.ElementNotInteractableException: element not interactable: [object HTMLSpanElement] has no size and location
  (Session info: chrome=109.0.5414.75)
Build info: version: '4.6.0', revision: '79f1c02ae20'
System info: os.name: 'Windows 10', os.arch: 'amd64', os.version: '10.0', java.version: '17.0.5'
Driver info: org.openqa.selenium.chrome.ChromeDriver
Command: [fc01f1cb8356630c63d4c572f9e1ddf4, actions {actions=[org.openqa.selenium.interactions.Sequence@6a916402]}]
Capabilities {acceptInsecureCerts: false, browserName: chrome, browserVersion: 109.0.5414.75, chrome: {chromedriverVersion: 109.0.5414.74 (e7c5703604da..., userDataDir: C:\Users\dell\AppData\Local...}, goog:chromeOptions: {debuggerAddress: localhost:62652}, networkConnectionEnabled: false, pageLoadStrategy: normal, platformName: WINDOWS, proxy: Proxy(), se:cdp: ws://localhost:62652/devtoo..., se:cdpVersion: 109.0.5414.75, setWindowRect: true, strictFileInteractability: false, timeouts: {implicit: 0, pageLoad: 300000, script: 30000}, unhandledPromptBehavior: dismiss and notify, webauthn:extension:credBlob: true, webauthn:extension:largeBlob: true, webauthn:virtualAuthenticators: true}
Session ID: fc01f1cb8356630c63d4c572f9e1ddf4
at org.openqa.selenium.remote.codec.w3c.W3CHttpResponseCodec.createException(W3CHttpResponseCodec.java:200)
at org.openqa.selenium.remote.codec.w3c.W3CHttpResponseCodec.decode(W3CHttpResponseCodec.java:133)
at org.openqa.selenium.remote.codec.w3c.W3CHttpResponseCodec.decode(W3CHttpResponseCodec.java:53)
at org.openqa.selenium.remote.HttpCommandExecutor.execute(HttpCommandExecutor.java:184)
at org.openqa.selenium.remote.service.DriverCommandExecutor.invokeExecute(DriverCommandExecutor.java:167)
at org.openqa.selenium.remote.service.DriverCommandExecutor.execute(DriverCommandExecutor.java:142)
at org.openqa.selenium.remote.RemoteWebDriver.execute(RemoteWebDriver.java:541)
at org.openqa.selenium.remote.RemoteWebDriver.perform(RemoteWebDriver.java:609)
at org.openqa.selenium.interactions.Actions$BuiltAction.perform(Actions.java:567)
at org.openqa.selenium.interactions.Actions.perform(Actions.java:536)
at sunrise.qa.companypages.BanksPage.navigate_to_companymodule(BanksPage.java:42)
at sunrise.qa.testcases.companypages.BankPageTest.Verify_MaximumTab_Message(BankPageTest.java:52)
at java.base/java.util.ArrayList.forEach(ArrayList.java:1511)
... Removed 32 stack frames]]>
    </failure>
  </testcase> <!-- Verify_MaximumTab_Message -->
  <testcase classname="sunrise.qa.testcases.companypages.BankPageTest" name="Verify_alltabclosed" time="4.109"/>
  <testcase classname="sunrise.qa.testcases.companypages.OwnershipStatusPageTest" name="Verify_Navigation_CompanyPage" time="4.922"/>
  <testcase classname="sunrise.qa.testcases.companypages.OwnershipStatusPageTest" name="Verify_Navigation_CompanyPage" time="4.509"/>
  <testcase classname="sunrise.qa.testcases.companypages.OwnershipStatusPageTest" name="Verify_MaximumTab_Message" time="5.711"/>
  <testcase classname="sunrise.qa.testcases.companypages.OwnershipStatusPageTest" name="Verify_alltabclosed" time="4.106"/>
  <testcase classname="sunrise.qa.testcases.companypages.CompanyPageTest" name="Verify_Navigation_CompanyPage" time="2.901"/>
  <testcase classname="sunrise.qa.testcases.companypages.CompanyPageTest" name="Verify_Navigation_CompanyPage" time="2.713"/>
  <testcase classname="sunrise.qa.testcases.companypages.CompanyPageTest" name="Verify_MaximumTab_Message" time="3.624"/>
  <testcase classname="sunrise.qa.testcases.companypages.CompanyPageTest" name="Verify_alltabclosed" time="4.161"/>
</testsuite> <!-- Test -->
