<?xml version="1.0" encoding="UTF-8"?>
<testng-results ignored="0" total="24" passed="22" failed="2" skipped="0">
  <reporter-output>
  </reporter-output>
  <suite started-at="2023-01-18T17:50:21 IST" name="RegressionSuite" finished-at="2023-01-18T17:53:12 IST" duration-ms="171203">
    <groups>
    </groups>
    <test started-at="2023-01-18T17:50:21 IST" name="Test" finished-at="2023-01-18T17:53:12 IST" duration-ms="171203">
      <class name="sunrise.qa.testcases.companypages.BankPageTest">
        <test-method is-config="true" signature="setup()[pri:0, instance:sunrise.qa.testcases.companypages.BankPageTest@46cdf8bd]" started-at="2023-01-18T17:52:07 IST" name="setup" finished-at="2023-01-18T17:52:13 IST" duration-ms="5494" status="PASS">
          <reporter-output>
          </reporter-output>
        </test-method> <!-- setup -->
        <test-method signature="Verify_Navigation_CompanyPage()[pri:1, instance:sunrise.qa.testcases.companypages.BankPageTest@46cdf8bd]" started-at="2023-01-18T17:52:13 IST" name="Verify_Navigation_CompanyPage" finished-at="2023-01-18T17:52:18 IST" duration-ms="5012" status="PASS">
          <reporter-output>
          </reporter-output>
        </test-method> <!-- Verify_Navigation_CompanyPage -->
        <test-method signature="Verify_Navigation_CompanyPage()[pri:1, instance:sunrise.qa.testcases.companypages.BankPageTest@46cdf8bd]" started-at="2023-01-18T17:52:18 IST" name="Verify_Navigation_CompanyPage" finished-at="2023-01-18T17:52:22 IST" duration-ms="4540" status="PASS">
          <reporter-output>
          </reporter-output>
        </test-method> <!-- Verify_Navigation_CompanyPage -->
        <test-method signature="Verify_MaximumTab_Message()[pri:2, instance:sunrise.qa.testcases.companypages.BankPageTest@46cdf8bd]" started-at="2023-01-18T17:52:22 IST" name="Verify_MaximumTab_Message" finished-at="2023-01-18T17:52:25 IST" duration-ms="2217" status="FAIL">
          <exception class="org.openqa.selenium.ElementNotInteractableException">
            <message>
              <![CDATA[element not interactable: [object HTMLSpanElement] has no size and location
  (Session info: chrome=109.0.5414.75)
Build info: version: '4.6.0', revision: '79f1c02ae20'
System info: os.name: 'Windows 10', os.arch: 'amd64', os.version: '10.0', java.version: '17.0.5'
Driver info: org.openqa.selenium.chrome.ChromeDriver
Command: [fc01f1cb8356630c63d4c572f9e1ddf4, actions {actions=[org.openqa.selenium.interactions.Sequence@6a916402]}]
Capabilities {acceptInsecureCerts: false, browserName: chrome, browserVersion: 109.0.5414.75, chrome: {chromedriverVersion: 109.0.5414.74 (e7c5703604da..., userDataDir: C:\Users\dell\AppData\Local...}, goog:chromeOptions: {debuggerAddress: localhost:62652}, networkConnectionEnabled: false, pageLoadStrategy: normal, platformName: WINDOWS, proxy: Proxy(), se:cdp: ws://localhost:62652/devtoo..., se:cdpVersion: 109.0.5414.75, setWindowRect: true, strictFileInteractability: false, timeouts: {implicit: 0, pageLoad: 300000, script: 30000}, unhandledPromptBehavior: dismiss and notify, webauthn:extension:credBlob: true, webauthn:extension:largeBlob: true, webauthn:virtualAuthenticators: true}
Session ID: fc01f1cb8356630c63d4c572f9e1ddf4]]>
            </message>
            <full-stacktrace>
              <![CDATA[org.openqa.selenium.ElementNotInteractableException: element not interactable: [object HTMLSpanElement] has no size and location
  (Session info: chrome=109.0.5414.75)
Build info: version: '4.6.0', revision: '79f1c02ae20'
System info: os.name: 'Windows 10', os.arch: 'amd64', os.version: '10.0', java.version: '17.0.5'
Driver info: org.openqa.selenium.chrome.ChromeDriver
Command: [fc01f1cb8356630c63d4c572f9e1ddf4, actions {actions=[org.openqa.selenium.interactions.Sequence@6a916402]}]
Capabilities {acceptInsecureCerts: false, browserName: chrome, browserVersion: 109.0.5414.75, chrome: {chromedriverVersion: 109.0.5414.74 (e7c5703604da..., userDataDir: C:\Users\dell\AppData\Local...}, goog:chromeOptions: {debuggerAddress: localhost:62652}, networkConnectionEnabled: false, pageLoadStrategy: normal, platformName: WINDOWS, proxy: Proxy(), se:cdp: ws://localhost:62652/devtoo..., se:cdpVersion: 109.0.5414.75, setWindowRect: true, strictFileInteractability: false, timeouts: {implicit: 0, pageLoad: 300000, script: 30000}, unhandledPromptBehavior: dismiss and notify, webauthn:extension:credBlob: true, webauthn:extension:largeBlob: true, webauthn:virtualAuthenticators: true}
Session ID: fc01f1cb8356630c63d4c572f9e1ddf4
at java.base/jdk.internal.reflect.NativeConstructorAccessorImpl.newInstance0(Native Method)
at java.base/jdk.internal.reflect.NativeConstructorAccessorImpl.newInstance(NativeConstructorAccessorImpl.java:77)
at java.base/jdk.internal.reflect.DelegatingConstructorAccessorImpl.newInstance(DelegatingConstructorAccessorImpl.java:45)
at java.base/java.lang.reflect.Constructor.newInstanceWithCaller(Constructor.java:499)
at java.base/java.lang.reflect.Constructor.newInstance(Constructor.java:480)
at org.openqa.selenium.remote.codec.w3c.W3CHttpResponseCodec.createException(W3CHttpResponseCodec.java:200)
at org.openqa.selenium.remote.codec.w3c.W3CHttpResponseCodec.decode(W3CHttpResponseCodec.java:133)
at org.openqa.selenium.remote.codec.w3c.W3CHttpResponseCodec.decode(W3CHttpResponseCodec.java:53)
at org.openqa.selenium.remote.HttpCommandExecutor.execute(HttpCommandExecutor.java:184)
at org.openqa.selenium.remote.service.DriverCommandExecutor.invokeExecute(DriverCommandExecutor.java:167)
at org.openqa.selenium.remote.service.DriverCommandExecutor.execute(DriverCommandExecutor.java:142)
at org.openqa.selenium.remote.RemoteWebDriver.execute(RemoteWebDriver.java:541)
at org.openqa.selenium.remote.RemoteWebDriver.perform(RemoteWebDriver.java:609)
at org.openqa.selenium.interactions.Actions$BuiltAction.perform(Actions.java:567)
at org.openqa.selenium.interactions.Actions.perform(Actions.java:536)
at sunrise.qa.companypages.BanksPage.navigate_to_companymodule(BanksPage.java:42)
at sunrise.qa.testcases.companypages.BankPageTest.Verify_MaximumTab_Message(BankPageTest.java:52)
at java.base/jdk.internal.reflect.NativeMethodAccessorImpl.invoke0(Native Method)
at java.base/jdk.internal.reflect.NativeMethodAccessorImpl.invoke(NativeMethodAccessorImpl.java:77)
at java.base/jdk.internal.reflect.DelegatingMethodAccessorImpl.invoke(DelegatingMethodAccessorImpl.java:43)
at java.base/java.lang.reflect.Method.invoke(Method.java:568)
at org.testng.internal.invokers.MethodInvocationHelper.invokeMethod(MethodInvocationHelper.java:139)
at org.testng.internal.invokers.TestInvoker.invokeMethod(TestInvoker.java:677)
at org.testng.internal.invokers.TestInvoker.invokeTestMethod(TestInvoker.java:221)
at org.testng.internal.invokers.MethodRunner.runInSequence(MethodRunner.java:50)
at org.testng.internal.invokers.TestInvoker$MethodInvocationAgent.invoke(TestInvoker.java:962)
at org.testng.internal.invokers.TestInvoker.invokeTestMethods(TestInvoker.java:194)
at org.testng.internal.invokers.TestMethodWorker.invokeTestMethods(TestMethodWorker.java:148)
at org.testng.internal.invokers.TestMethodWorker.run(TestMethodWorker.java:128)
at java.base/java.util.ArrayList.forEach(ArrayList.java:1511)
at org.testng.TestRunner.privateRun(TestRunner.java:806)
at org.testng.TestRunner.run(TestRunner.java:601)
at org.testng.SuiteRunner.runTest(SuiteRunner.java:433)
at org.testng.SuiteRunner.runSequentially(SuiteRunner.java:427)
at org.testng.SuiteRunner.privateRun(SuiteRunner.java:387)
at org.testng.SuiteRunner.run(SuiteRunner.java:330)
at org.testng.SuiteRunnerWorker.runSuite(SuiteRunnerWorker.java:52)
at org.testng.SuiteRunnerWorker.run(SuiteRunnerWorker.java:95)
at org.testng.TestNG.runSuitesSequentially(TestNG.java:1256)
at org.testng.TestNG.runSuitesLocally(TestNG.java:1176)
at org.testng.TestNG.runSuites(TestNG.java:1099)
at org.testng.TestNG.run(TestNG.java:1067)
at org.testng.remote.AbstractRemoteTestNG.run(AbstractRemoteTestNG.java:115)
at org.testng.remote.RemoteTestNG.initAndRun(RemoteTestNG.java:251)
at org.testng.remote.RemoteTestNG.main(RemoteTestNG.java:77)
]]>
            </full-stacktrace>
          </exception> <!-- org.openqa.selenium.ElementNotInteractableException -->
          <reporter-output>
          </reporter-output>
        </test-method> <!-- Verify_MaximumTab_Message -->
        <test-method signature="Verify_alltabclosed()[pri:3, instance:sunrise.qa.testcases.companypages.BankPageTest@46cdf8bd]" started-at="2023-01-18T17:52:25 IST" name="Verify_alltabclosed" finished-at="2023-01-18T17:52:29 IST" duration-ms="4109" status="PASS">
          <reporter-output>
          </reporter-output>
        </test-method> <!-- Verify_alltabclosed -->
        <test-method is-config="true" signature="teardown()[pri:0, instance:sunrise.qa.testcases.companypages.BankPageTest@46cdf8bd]" started-at="2023-01-18T17:52:29 IST" name="teardown" finished-at="2023-01-18T17:52:29 IST" duration-ms="118" status="PASS">
          <reporter-output>
          </reporter-output>
        </test-method> <!-- teardown -->
      </class> <!-- sunrise.qa.testcases.companypages.BankPageTest -->
      <class name="sunrise.qa.testcases.companypages.CabinsPageTest">
        <test-method is-config="true" signature="setup()[pri:0, instance:sunrise.qa.testcases.companypages.CabinsPageTest@4145bad8]" started-at="2023-01-18T17:50:21 IST" name="setup" finished-at="2023-01-18T17:50:28 IST" duration-ms="6782" status="PASS">
          <reporter-output>
          </reporter-output>
        </test-method> <!-- setup -->
        <test-method signature="Verify_Navigation_CompanyPage()[pri:1, instance:sunrise.qa.testcases.companypages.CabinsPageTest@4145bad8]" started-at="2023-01-18T17:50:28 IST" name="Verify_Navigation_CompanyPage" finished-at="2023-01-18T17:50:33 IST" duration-ms="4971" status="PASS">
          <reporter-output>
          </reporter-output>
        </test-method> <!-- Verify_Navigation_CompanyPage -->
        <test-method signature="Verify_Navigation_CompanyPage()[pri:1, instance:sunrise.qa.testcases.companypages.CabinsPageTest@4145bad8]" started-at="2023-01-18T17:50:33 IST" name="Verify_Navigation_CompanyPage" finished-at="2023-01-18T17:50:38 IST" duration-ms="4478" status="PASS">
          <reporter-output>
          </reporter-output>
        </test-method> <!-- Verify_Navigation_CompanyPage -->
        <test-method signature="Verify_MaximumTab_Message()[pri:2, instance:sunrise.qa.testcases.companypages.CabinsPageTest@4145bad8]" started-at="2023-01-18T17:50:38 IST" name="Verify_MaximumTab_Message" finished-at="2023-01-18T17:50:43 IST" duration-ms="5634" status="PASS">
          <reporter-output>
          </reporter-output>
        </test-method> <!-- Verify_MaximumTab_Message -->
        <test-method signature="Verify_alltabclosed()[pri:3, instance:sunrise.qa.testcases.companypages.CabinsPageTest@4145bad8]" started-at="2023-01-18T17:50:43 IST" name="Verify_alltabclosed" finished-at="2023-01-18T17:50:47 IST" duration-ms="4180" status="PASS">
          <reporter-output>
          </reporter-output>
        </test-method> <!-- Verify_alltabclosed -->
        <test-method is-config="true" signature="teardown()[pri:0, instance:sunrise.qa.testcases.companypages.CabinsPageTest@4145bad8]" started-at="2023-01-18T17:50:47 IST" name="teardown" finished-at="2023-01-18T17:50:48 IST" duration-ms="121" status="PASS">
          <reporter-output>
          </reporter-output>
        </test-method> <!-- teardown -->
      </class> <!-- sunrise.qa.testcases.companypages.CabinsPageTest -->
      <class name="sunrise.qa.testcases.companypages.TermsAndConditionsPageTest">
        <test-method is-config="true" signature="setup()[pri:0, instance:sunrise.qa.testcases.companypages.TermsAndConditionsPageTest@2a7f1f10]" started-at="2023-01-18T17:51:12 IST" name="setup" finished-at="2023-01-18T17:51:18 IST" duration-ms="5701" status="PASS">
          <reporter-output>
          </reporter-output>
        </test-method> <!-- setup -->
        <test-method signature="Verify_Navigation_CompanyPage()[pri:1, instance:sunrise.qa.testcases.companypages.TermsAndConditionsPageTest@2a7f1f10]" started-at="2023-01-18T17:51:18 IST" name="Verify_Navigation_CompanyPage" finished-at="2023-01-18T17:51:23 IST" duration-ms="5012" status="PASS">
          <reporter-output>
          </reporter-output>
        </test-method> <!-- Verify_Navigation_CompanyPage -->
        <test-method signature="Verify_Navigation_CompanyPage()[pri:1, instance:sunrise.qa.testcases.companypages.TermsAndConditionsPageTest@2a7f1f10]" started-at="2023-01-18T17:51:23 IST" name="Verify_Navigation_CompanyPage" finished-at="2023-01-18T17:51:28 IST" duration-ms="4492" status="PASS">
          <reporter-output>
          </reporter-output>
        </test-method> <!-- Verify_Navigation_CompanyPage -->
        <test-method signature="Verify_MaximumTab_Message()[pri:2, instance:sunrise.qa.testcases.companypages.TermsAndConditionsPageTest@2a7f1f10]" started-at="2023-01-18T17:51:28 IST" name="Verify_MaximumTab_Message" finished-at="2023-01-18T17:52:03 IST" duration-ms="35496" status="FAIL">
          <exception class="org.openqa.selenium.NoSuchElementException">
            <message>
              <![CDATA[no such element: Unable to locate element: {"method":"xpath","selector":"//span[normalize-space()='Maximum tabs reached.']"}
  (Session info: chrome=109.0.5414.75)
For documentation on this error, please visit: https://selenium.dev/exceptions/#no_such_element
Build info: version: '4.6.0', revision: '79f1c02ae20'
System info: os.name: 'Windows 10', os.arch: 'amd64', os.version: '10.0', java.version: '17.0.5'
Driver info: org.openqa.selenium.chrome.ChromeDriver
Command: [649de1f32474cc85ca6dc2e2f6389765, findElement {using=xpath, value=//span[normalize-space()='Maximum tabs reached.']}]
Capabilities {acceptInsecureCerts: false, browserName: chrome, browserVersion: 109.0.5414.75, chrome: {chromedriverVersion: 109.0.5414.74 (e7c5703604da..., userDataDir: C:\Users\dell\AppData\Local...}, goog:chromeOptions: {debuggerAddress: localhost:62581}, networkConnectionEnabled: false, pageLoadStrategy: normal, platformName: WINDOWS, proxy: Proxy(), se:cdp: ws://localhost:62581/devtoo..., se:cdpVersion: 109.0.5414.75, setWindowRect: true, strictFileInteractability: false, timeouts: {implicit: 0, pageLoad: 300000, script: 30000}, unhandledPromptBehavior: dismiss and notify, webauthn:extension:credBlob: true, webauthn:extension:largeBlob: true, webauthn:virtualAuthenticators: true}
Session ID: 649de1f32474cc85ca6dc2e2f6389765]]>
            </message>
            <full-stacktrace>
              <![CDATA[org.openqa.selenium.NoSuchElementException: no such element: Unable to locate element: {"method":"xpath","selector":"//span[normalize-space()='Maximum tabs reached.']"}
  (Session info: chrome=109.0.5414.75)
For documentation on this error, please visit: https://selenium.dev/exceptions/#no_such_element
Build info: version: '4.6.0', revision: '79f1c02ae20'
System info: os.name: 'Windows 10', os.arch: 'amd64', os.version: '10.0', java.version: '17.0.5'
Driver info: org.openqa.selenium.chrome.ChromeDriver
Command: [649de1f32474cc85ca6dc2e2f6389765, findElement {using=xpath, value=//span[normalize-space()='Maximum tabs reached.']}]
Capabilities {acceptInsecureCerts: false, browserName: chrome, browserVersion: 109.0.5414.75, chrome: {chromedriverVersion: 109.0.5414.74 (e7c5703604da..., userDataDir: C:\Users\dell\AppData\Local...}, goog:chromeOptions: {debuggerAddress: localhost:62581}, networkConnectionEnabled: false, pageLoadStrategy: normal, platformName: WINDOWS, proxy: Proxy(), se:cdp: ws://localhost:62581/devtoo..., se:cdpVersion: 109.0.5414.75, setWindowRect: true, strictFileInteractability: false, timeouts: {implicit: 0, pageLoad: 300000, script: 30000}, unhandledPromptBehavior: dismiss and notify, webauthn:extension:credBlob: true, webauthn:extension:largeBlob: true, webauthn:virtualAuthenticators: true}
Session ID: 649de1f32474cc85ca6dc2e2f6389765
at java.base/jdk.internal.reflect.NativeConstructorAccessorImpl.newInstance0(Native Method)
at java.base/jdk.internal.reflect.NativeConstructorAccessorImpl.newInstance(NativeConstructorAccessorImpl.java:77)
at java.base/jdk.internal.reflect.DelegatingConstructorAccessorImpl.newInstance(DelegatingConstructorAccessorImpl.java:45)
at java.base/java.lang.reflect.Constructor.newInstanceWithCaller(Constructor.java:499)
at java.base/java.lang.reflect.Constructor.newInstance(Constructor.java:480)
at org.openqa.selenium.remote.codec.w3c.W3CHttpResponseCodec.createException(W3CHttpResponseCodec.java:200)
at org.openqa.selenium.remote.codec.w3c.W3CHttpResponseCodec.decode(W3CHttpResponseCodec.java:133)
at org.openqa.selenium.remote.codec.w3c.W3CHttpResponseCodec.decode(W3CHttpResponseCodec.java:53)
at org.openqa.selenium.remote.HttpCommandExecutor.execute(HttpCommandExecutor.java:184)
at org.openqa.selenium.remote.service.DriverCommandExecutor.invokeExecute(DriverCommandExecutor.java:167)
at org.openqa.selenium.remote.service.DriverCommandExecutor.execute(DriverCommandExecutor.java:142)
at org.openqa.selenium.remote.RemoteWebDriver.execute(RemoteWebDriver.java:541)
at org.openqa.selenium.remote.ElementLocation$ElementFinder$2.findElement(ElementLocation.java:162)
at org.openqa.selenium.remote.ElementLocation.findElement(ElementLocation.java:60)
at org.openqa.selenium.remote.RemoteWebDriver.findElement(RemoteWebDriver.java:365)
at org.openqa.selenium.remote.RemoteWebDriver.findElement(RemoteWebDriver.java:357)
at org.openqa.selenium.support.pagefactory.DefaultElementLocator.findElement(DefaultElementLocator.java:70)
at org.openqa.selenium.support.pagefactory.internal.LocatingElementHandler.invoke(LocatingElementHandler.java:39)
at jdk.proxy2/jdk.proxy2.$Proxy17.isDisplayed(Unknown Source)
at sunrise.qa.companypages.TermsAndConditionsPage.max_msg_present(TermsAndConditionsPage.java:50)
at sunrise.qa.testcases.companypages.TermsAndConditionsPageTest.Verify_MaximumTab_Message(TermsAndConditionsPageTest.java:54)
at java.base/jdk.internal.reflect.NativeMethodAccessorImpl.invoke0(Native Method)
at java.base/jdk.internal.reflect.NativeMethodAccessorImpl.invoke(NativeMethodAccessorImpl.java:77)
at java.base/jdk.internal.reflect.DelegatingMethodAccessorImpl.invoke(DelegatingMethodAccessorImpl.java:43)
at java.base/java.lang.reflect.Method.invoke(Method.java:568)
at org.testng.internal.invokers.MethodInvocationHelper.invokeMethod(MethodInvocationHelper.java:139)
at org.testng.internal.invokers.TestInvoker.invokeMethod(TestInvoker.java:677)
at org.testng.internal.invokers.TestInvoker.invokeTestMethod(TestInvoker.java:221)
at org.testng.internal.invokers.MethodRunner.runInSequence(MethodRunner.java:50)
at org.testng.internal.invokers.TestInvoker$MethodInvocationAgent.invoke(TestInvoker.java:962)
at org.testng.internal.invokers.TestInvoker.invokeTestMethods(TestInvoker.java:194)
at org.testng.internal.invokers.TestMethodWorker.invokeTestMethods(TestMethodWorker.java:148)
at org.testng.internal.invokers.TestMethodWorker.run(TestMethodWorker.java:128)
at java.base/java.util.ArrayList.forEach(ArrayList.java:1511)
at org.testng.TestRunner.privateRun(TestRunner.java:806)
at org.testng.TestRunner.run(TestRunner.java:601)
at org.testng.SuiteRunner.runTest(SuiteRunner.java:433)
at org.testng.SuiteRunner.runSequentially(SuiteRunner.java:427)
at org.testng.SuiteRunner.privateRun(SuiteRunner.java:387)
at org.testng.SuiteRunner.run(SuiteRunner.java:330)
at org.testng.SuiteRunnerWorker.runSuite(SuiteRunnerWorker.java:52)
at org.testng.SuiteRunnerWorker.run(SuiteRunnerWorker.java:95)
at org.testng.TestNG.runSuitesSequentially(TestNG.java:1256)
at org.testng.TestNG.runSuitesLocally(TestNG.java:1176)
at org.testng.TestNG.runSuites(TestNG.java:1099)
at org.testng.TestNG.run(TestNG.java:1067)
at org.testng.remote.AbstractRemoteTestNG.run(AbstractRemoteTestNG.java:115)
at org.testng.remote.RemoteTestNG.initAndRun(RemoteTestNG.java:251)
at org.testng.remote.RemoteTestNG.main(RemoteTestNG.java:77)
]]>
            </full-stacktrace>
          </exception> <!-- org.openqa.selenium.NoSuchElementException -->
          <reporter-output>
          </reporter-output>
        </test-method> <!-- Verify_MaximumTab_Message -->
        <test-method signature="Verify_alltabclosed()[pri:3, instance:sunrise.qa.testcases.companypages.TermsAndConditionsPageTest@2a7f1f10]" started-at="2023-01-18T17:52:03 IST" name="Verify_alltabclosed" finished-at="2023-01-18T17:52:07 IST" duration-ms="4141" status="PASS">
          <reporter-output>
          </reporter-output>
        </test-method> <!-- Verify_alltabclosed -->
        <test-method is-config="true" signature="teardown()[pri:0, instance:sunrise.qa.testcases.companypages.TermsAndConditionsPageTest@2a7f1f10]" started-at="2023-01-18T17:52:07 IST" name="teardown" finished-at="2023-01-18T17:52:07 IST" duration-ms="119" status="PASS">
          <reporter-output>
          </reporter-output>
        </test-method> <!-- teardown -->
      </class> <!-- sunrise.qa.testcases.companypages.TermsAndConditionsPageTest -->
      <class name="sunrise.qa.testcases.companypages.CurrencyPageTest">
        <test-method is-config="true" signature="setup()[pri:0, instance:sunrise.qa.testcases.companypages.CurrencyPageTest@298a5e20]" started-at="2023-01-18T17:50:48 IST" name="setup" finished-at="2023-01-18T17:50:53 IST" duration-ms="5703" status="PASS">
          <reporter-output>
          </reporter-output>
        </test-method> <!-- setup -->
        <test-method signature="Verify_Navigation_CompanyPage()[pri:1, instance:sunrise.qa.testcases.companypages.CurrencyPageTest@298a5e20]" started-at="2023-01-18T17:50:53 IST" name="Verify_Navigation_CompanyPage" finished-at="2023-01-18T17:50:58 IST" duration-ms="4920" status="PASS">
          <reporter-output>
          </reporter-output>
        </test-method> <!-- Verify_Navigation_CompanyPage -->
        <test-method signature="Verify_Navigation_CompanyPage()[pri:1, instance:sunrise.qa.testcases.companypages.CurrencyPageTest@298a5e20]" started-at="2023-01-18T17:50:58 IST" name="Verify_Navigation_CompanyPage" finished-at="2023-01-18T17:51:03 IST" duration-ms="4454" status="PASS">
          <reporter-output>
          </reporter-output>
        </test-method> <!-- Verify_Navigation_CompanyPage -->
        <test-method signature="Verify_MaximumTab_Message()[pri:2, instance:sunrise.qa.testcases.companypages.CurrencyPageTest@298a5e20]" started-at="2023-01-18T17:51:03 IST" name="Verify_MaximumTab_Message" finished-at="2023-01-18T17:51:08 IST" duration-ms="5493" status="PASS">
          <reporter-output>
          </reporter-output>
        </test-method> <!-- Verify_MaximumTab_Message -->
        <test-method signature="Verify_alltabclosed()[pri:3, instance:sunrise.qa.testcases.companypages.CurrencyPageTest@298a5e20]" started-at="2023-01-18T17:51:08 IST" name="Verify_alltabclosed" finished-at="2023-01-18T17:51:12 IST" duration-ms="4123" status="PASS">
          <reporter-output>
          </reporter-output>
        </test-method> <!-- Verify_alltabclosed -->
        <test-method is-config="true" signature="teardown()[pri:0, instance:sunrise.qa.testcases.companypages.CurrencyPageTest@298a5e20]" started-at="2023-01-18T17:51:12 IST" name="teardown" finished-at="2023-01-18T17:51:12 IST" duration-ms="121" status="PASS">
          <reporter-output>
          </reporter-output>
        </test-method> <!-- teardown -->
      </class> <!-- sunrise.qa.testcases.companypages.CurrencyPageTest -->
      <class name="sunrise.qa.testcases.companypages.OwnershipStatusPageTest">
        <test-method is-config="true" signature="setup()[pri:0, instance:sunrise.qa.testcases.companypages.OwnershipStatusPageTest@f0c8a99]" started-at="2023-01-18T17:52:29 IST" name="setup" finished-at="2023-01-18T17:52:34 IST" duration-ms="5420" status="PASS">
          <reporter-output>
          </reporter-output>
        </test-method> <!-- setup -->
        <test-method signature="Verify_Navigation_CompanyPage()[pri:1, instance:sunrise.qa.testcases.companypages.OwnershipStatusPageTest@f0c8a99]" started-at="2023-01-18T17:52:34 IST" name="Verify_Navigation_CompanyPage" finished-at="2023-01-18T17:52:39 IST" duration-ms="4922" status="PASS">
          <reporter-output>
          </reporter-output>
        </test-method> <!-- Verify_Navigation_CompanyPage -->
        <test-method signature="Verify_Navigation_CompanyPage()[pri:1, instance:sunrise.qa.testcases.companypages.OwnershipStatusPageTest@f0c8a99]" started-at="2023-01-18T17:52:39 IST" name="Verify_Navigation_CompanyPage" finished-at="2023-01-18T17:52:44 IST" duration-ms="4509" status="PASS">
          <reporter-output>
          </reporter-output>
        </test-method> <!-- Verify_Navigation_CompanyPage -->
        <test-method signature="Verify_MaximumTab_Message()[pri:2, instance:sunrise.qa.testcases.companypages.OwnershipStatusPageTest@f0c8a99]" started-at="2023-01-18T17:52:44 IST" name="Verify_MaximumTab_Message" finished-at="2023-01-18T17:52:49 IST" duration-ms="5711" status="PASS">
          <reporter-output>
          </reporter-output>
        </test-method> <!-- Verify_MaximumTab_Message -->
        <test-method signature="Verify_alltabclosed()[pri:3, instance:sunrise.qa.testcases.companypages.OwnershipStatusPageTest@f0c8a99]" started-at="2023-01-18T17:52:49 IST" name="Verify_alltabclosed" finished-at="2023-01-18T17:52:53 IST" duration-ms="4106" status="PASS">
          <reporter-output>
          </reporter-output>
        </test-method> <!-- Verify_alltabclosed -->
        <test-method is-config="true" signature="teardown()[pri:0, instance:sunrise.qa.testcases.companypages.OwnershipStatusPageTest@f0c8a99]" started-at="2023-01-18T17:52:53 IST" name="teardown" finished-at="2023-01-18T17:52:54 IST" duration-ms="120" status="PASS">
          <reporter-output>
          </reporter-output>
        </test-method> <!-- teardown -->
      </class> <!-- sunrise.qa.testcases.companypages.OwnershipStatusPageTest -->
      <class name="sunrise.qa.testcases.companypages.CompanyPageTest">
        <test-method is-config="true" signature="setup()[pri:0, instance:sunrise.qa.testcases.companypages.CompanyPageTest@740cae06]" started-at="2023-01-18T17:52:54 IST" name="setup" finished-at="2023-01-18T17:52:59 IST" duration-ms="5367" status="PASS">
          <reporter-output>
          </reporter-output>
        </test-method> <!-- setup -->
        <test-method signature="Verify_Navigation_CompanyPage()[pri:1, instance:sunrise.qa.testcases.companypages.CompanyPageTest@740cae06]" started-at="2023-01-18T17:52:59 IST" name="Verify_Navigation_CompanyPage" finished-at="2023-01-18T17:53:02 IST" duration-ms="2901" status="PASS">
          <reporter-output>
          </reporter-output>
        </test-method> <!-- Verify_Navigation_CompanyPage -->
        <test-method signature="Verify_Navigation_CompanyPage()[pri:1, instance:sunrise.qa.testcases.companypages.CompanyPageTest@740cae06]" started-at="2023-01-18T17:53:02 IST" name="Verify_Navigation_CompanyPage" finished-at="2023-01-18T17:53:05 IST" duration-ms="2713" status="PASS">
          <reporter-output>
          </reporter-output>
        </test-method> <!-- Verify_Navigation_CompanyPage -->
        <test-method signature="Verify_MaximumTab_Message()[pri:2, instance:sunrise.qa.testcases.companypages.CompanyPageTest@740cae06]" started-at="2023-01-18T17:53:05 IST" name="Verify_MaximumTab_Message" finished-at="2023-01-18T17:53:08 IST" duration-ms="3624" status="PASS">
          <reporter-output>
          </reporter-output>
        </test-method> <!-- Verify_MaximumTab_Message -->
        <test-method signature="Verify_alltabclosed()[pri:3, instance:sunrise.qa.testcases.companypages.CompanyPageTest@740cae06]" started-at="2023-01-18T17:53:08 IST" name="Verify_alltabclosed" finished-at="2023-01-18T17:53:12 IST" duration-ms="4161" status="PASS">
          <reporter-output>
          </reporter-output>
        </test-method> <!-- Verify_alltabclosed -->
        <test-method is-config="true" signature="teardown()[pri:0, instance:sunrise.qa.testcases.companypages.CompanyPageTest@740cae06]" started-at="2023-01-18T17:53:12 IST" name="teardown" finished-at="2023-01-18T17:53:12 IST" duration-ms="135" status="PASS">
          <reporter-output>
          </reporter-output>
        </test-method> <!-- teardown -->
      </class> <!-- sunrise.qa.testcases.companypages.CompanyPageTest -->
    </test> <!-- Test -->
  </suite> <!-- RegressionSuite -->
</testng-results>
